#-----------------------------------------------------------
# Vivado v2019.1 (64-bit)
# SW Build 2552052 on Fri May 24 14:49:42 MDT 2019
# IP Build 2548770 on Fri May 24 18:01:18 MDT 2019
# Start of session at: Wed Jan  1 11:07:09 2020
# Process ID: 10536
# Current directory: C:/Users/Henry/Desktop/sample code_ball
# Command line: vivado.exe -gui_launcher_event rodinguilauncherevent8196 C:\Users\Henry\Desktop\sample code_ball\lab10.xpr
# Log file: C:/Users/Henry/Desktop/sample code_ball/vivado.log
# Journal file: C:/Users/Henry/Desktop/sample code_ball\vivado.jou
#-----------------------------------------------------------
start_gui
open_project {C:/Users/Henry/Desktop/sample code_ball/lab10.xpr}
INFO: [Project 1-313] Project file moved from 'C:/Users/CHEN/Downloads/sample code' since last save.
Scanning sources...
Finished scanning sources
INFO: [IP_Flow 19-234] Refreshing IP repositories
INFO: [IP_Flow 19-1704] No user IP repositories specified
INFO: [IP_Flow 19-2313] Loaded Vivado IP repository 'D:/Xilinx/Vivado/2019.1/data/ip'.
open_project: Time (s): cpu = 00:00:10 ; elapsed = 00:00:13 . Memory (MB): peak = 660.574 ; gain = 72.344
update_compile_order -fileset sources_1
